#
# There is insufficient memory for the Java Runtime Environment to continue.
# Native memory allocation (mmap) failed to map 65536 bytes for Failed to commit metaspace.
# Possible reasons:
#   The system is out of physical RAM or swap space
#   The process is running with CompressedOops enabled, and the Java Heap may be blocking the growth of the native heap
# Possible solutions:
#   Reduce memory load on the system
#   Increase physical memory or swap space
#   Check if swap backing store is full
#   Decrease Java heap size (-Xmx/-Xms)
#   Decrease number of Java threads
#   Decrease Java thread stack sizes (-Xss)
#   Set larger code cache with -XX:ReservedCodeCacheSize=
#   JVM is running with Unscaled Compressed Oops mode in which the Java heap is
#     placed in the first 4GB address space. The Java Heap base address is the
#     maximum limit for the native heap growth. Please use -XX:HeapBaseMinAddress
#     to set the Java Heap base and to place the Java Heap above 4GB virtual address.
# This output file may be truncated or incomplete.
#
#  Out of Memory Error (virtualSpaceNode.cpp:110), pid=7252, tid=9512
#
# JRE version: OpenJDK Runtime Environment Temurin-17.0.8.1+1 (17.0.8.1+1) (build 17.0.8.1+1)
# Java VM: OpenJDK 64-Bit Server VM Temurin-17.0.8.1+1 (17.0.8.1+1, mixed mode, emulated-client, tiered, compressed oops, compressed class ptrs, g1 gc, windows-amd64)
# No core dump will be written. Minidumps are not enabled by default on client versions of Windows
#

---------------  S U M M A R Y ------------

Command Line: -Dcom.sun.management.jmxremote -Dcom.sun.management.jmxremote.port=57500 -Dcom.sun.management.jmxremote.authenticate=false -Dcom.sun.management.jmxremote.ssl=false -Djava.rmi.server.hostname=localhost -Dspring.jmx.enabled=true -Dmanagement.endpoints.jmx.exposure.include=* -Dspring.application.admin.enabled=true -XX:TieredStopAtLevel=1 -Dspring.boot.project.name=QuizApp -Dfile.encoding=UTF-8 -Dstdout.encoding=UTF-8 -Dstderr.encoding=UTF-8 -XX:+ShowCodeDetailsInExceptionMessages com.quiz.QuizAppApplication --spring.output.ansi.enabled=always

Host: Intel(R) Pentium(R) CPU B960 @ 2.20GHz, 2 cores, 3G,  Windows 10 , 64 bit Build 19041 (10.0.19041.3636)
Time: Mon Dec 18 12:19:52 2023 India Standard Time elapsed time: 12.788054 seconds (0d 0h 0m 12s)

---------------  T H R E A D  ---------------

Current thread (0x000001c4f4af8fd0):  JavaThread "main" [_thread_in_vm, id=9512, stack(0x0000003d27200000,0x0000003d27300000)]

Stack: [0x0000003d27200000,0x0000003d27300000]
Native frames: (J=compiled Java code, j=interpreted, Vv=VM code, C=native code)
V  [jvm.dll+0x678b0a]
V  [jvm.dll+0x835e84]
V  [jvm.dll+0x83762e]
V  [jvm.dll+0x837c93]
V  [jvm.dll+0x24746f]
V  [jvm.dll+0x831f1b]
V  [jvm.dll+0x61d3c6]
V  [jvm.dll+0x1c1aae]
V  [jvm.dll+0x61fd21]
V  [jvm.dll+0x61dd66]
V  [jvm.dll+0x627c47]
V  [jvm.dll+0x1eb90b]
V  [jvm.dll+0x1ebe45]
V  [jvm.dll+0x1ec87f]
V  [jvm.dll+0x1e1d21]
V  [jvm.dll+0x53fba0]
V  [jvm.dll+0x7b1278]
V  [jvm.dll+0x7b1364]
V  [jvm.dll+0x40ecc5]
V  [jvm.dll+0x414e18]
C  [java.dll+0x17ec]

Java frames: (J=compiled Java code, j=interpreted, Vv=VM code)
J 1197  java.lang.ClassLoader.defineClass1(Ljava/lang/ClassLoader;Ljava/lang/String;[BIILjava/security/ProtectionDomain;Ljava/lang/String;)Ljava/lang/Class; java.base@17.0.8.1 (0 bytes) @ 0x000001c4f84fac5b [0x000001c4f84faba0+0x00000000000000bb]
J 1239 c1 java.lang.ClassLoader.defineClass(Ljava/lang/String;[BIILjava/security/ProtectionDomain;)Ljava/lang/Class; java.base@17.0.8.1 (43 bytes) @ 0x000001c4f850e3dc [0x000001c4f850e2e0+0x00000000000000fc]
J 1222 c1 jdk.internal.loader.BuiltinClassLoader.defineClass(Ljava/lang/String;Ljdk/internal/loader/Resource;)Ljava/lang/Class; java.base@17.0.8.1 (121 bytes) @ 0x000001c4f8506b44 [0x000001c4f85066a0+0x00000000000004a4]
J 1212 c1 jdk.internal.loader.BuiltinClassLoader.findClassOnClassPathOrNull(Ljava/lang/String;)Ljava/lang/Class; java.base@17.0.8.1 (64 bytes) @ 0x000001c4f8500ac4 [0x000001c4f8500820+0x00000000000002a4]
J 1010 c1 jdk.internal.loader.BuiltinClassLoader.loadClassOrNull(Ljava/lang/String;Z)Ljava/lang/Class; java.base@17.0.8.1 (143 bytes) @ 0x000001c4f84a6744 [0x000001c4f84a6300+0x0000000000000444]
J 1118 c1 jdk.internal.loader.ClassLoaders$AppClassLoader.loadClass(Ljava/lang/String;Z)Ljava/lang/Class; java.base@17.0.8.1 (40 bytes) @ 0x000001c4f84d9aa4 [0x000001c4f84d9960+0x0000000000000144]
J 1114 c1 java.lang.ClassLoader.loadClass(Ljava/lang/String;)Ljava/lang/Class; java.base@17.0.8.1 (7 bytes) @ 0x000001c4f84d8be4 [0x000001c4f84d8ba0+0x0000000000000044]
v  ~StubRoutines::call_stub
j  oracle.jdbc.driver.Redirector.<clinit>()V+2908
v  ~StubRoutines::call_stub
j  oracle.jdbc.driver.Representation.<init>(Ljava/lang/String;[Ljava/lang/Class;)V+98
j  oracle.jdbc.driver.Representation.<clinit>()V+177
v  ~StubRoutines::call_stub
j  oracle.jdbc.driver.CharCommonAccessor.<init>(Loracle/jdbc/driver/OracleStatement;ISZ)V+12
j  oracle.jdbc.driver.VarcharAccessor.<init>(Loracle/jdbc/driver/OracleStatement;IZIIIJISI)V+32
j  oracle.jdbc.driver.T4CVarcharAccessor.<init>(Loracle/jdbc/driver/OracleStatement;IZIIIJISIIIILoracle/jdbc/driver/T4CMAREngine;)V+18
j  oracle.jdbc.driver.T4CTTIdcb.fillupAccessors([Loracle/jdbc/driver/Accessor;[Loracle/jdbc/driver/Accessor;IILoracle/jdbc/driver/T4C8TTIuds;Ljava/lang/String;J)J+797
j  oracle.jdbc.driver.T4CTTIdcb.receiveCommon([Loracle/jdbc/driver/Accessor;Z)[Loracle/jdbc/driver/Accessor;+244
j  oracle.jdbc.driver.T4CTTIdcb.receive([Loracle/jdbc/driver/Accessor;)[Loracle/jdbc/driver/Accessor;+50
j  oracle.jdbc.driver.T4C8Oall.readDCB()V+21
j  oracle.jdbc.driver.T4CTTIfun.receive()V+298
j  oracle.jdbc.driver.T4CTTIfun.doRPC()V+100
j  oracle.jdbc.driver.T4C8Oall.doOALL(ZZZZZ)V+94
j  oracle.jdbc.driver.T4CStatement.doOall8(ZZZZZI)V+63
j  oracle.jdbc.driver.T4CStatement.executeForDescribe()V+42
j  oracle.jdbc.driver.OracleStatement.prepareDefineBufferAndExecute()V+12
j  oracle.jdbc.driver.OracleStatement.executeMaybeDescribe()V+39
j  oracle.jdbc.driver.OracleStatement.executeSQLSelect()V+47
j  oracle.jdbc.driver.OracleStatement.doExecuteWithTimeout()V+33
j  oracle.jdbc.driver.OracleStatement.executeQuery(Ljava/lang/String;)Ljava/sql/ResultSet;+95
j  oracle.jdbc.driver.OracleStatementWrapper.executeQuery(Ljava/lang/String;)Ljava/sql/ResultSet;+5
j  oracle.jdbc.driver.PhysicalConnection.getPropertyFromDatabase(Ljava/lang/String;)Ljava/lang/String;+25
j  oracle.jdbc.driver.PhysicalConnection.getCurrentSchema()Ljava/lang/String;+5
j  oracle.jdbc.driver.T4CConnection.getCurrentSchema()Ljava/lang/String;+46
j  oracle.jdbc.driver.PhysicalConnection.getSchema()Ljava/lang/String;+1
j  com.zaxxer.hikari.pool.HikariProxyConnection.getSchema()Ljava/lang/String;+4
j  org.hibernate.engine.jdbc.env.internal.DefaultSchemaNameResolver.determineAppropriateResolverDelegate(Ljava/sql/Connection;)Lorg/hibernate/engine/jdbc/env/spi/SchemaNameResolver;+29
j  org.hibernate.engine.jdbc.env.internal.DefaultSchemaNameResolver.resolveSchemaName(Ljava/sql/Connection;Lorg/hibernate/dialect/Dialect;)Ljava/lang/String;+2
j  org.hibernate.engine.jdbc.env.internal.JdbcEnvironmentImpl.determineCurrentSchemaName(Ljava/sql/DatabaseMetaData;Lorg/hibernate/service/ServiceRegistry;Lorg/hibernate/dialect/Dialect;)Ljava/lang/String;+77
j  org.hibernate.engine.jdbc.env.internal.JdbcEnvironmentImpl.<init>(Lorg/hibernate/service/spi/ServiceRegistryImplementor;Lorg/hibernate/dialect/Dialect;Ljava/sql/DatabaseMetaData;Lorg/hibernate/engine/jdbc/connections/spi/JdbcConnectionAccess;)V+178
j  org.hibernate.engine.jdbc.env.internal.JdbcEnvironmentInitiator$1.execute(Ljava/sql/Connection;)Lorg/hibernate/engine/jdbc/env/internal/JdbcEnvironmentImpl;+326
j  org.hibernate.engine.jdbc.env.internal.JdbcEnvironmentInitiator$1.execute(Ljava/sql/Connection;)Ljava/lang/Object;+2
j  org.hibernate.jdbc.WorkExecutor.executeReturningWork(Lorg/hibernate/jdbc/ReturningWork;Ljava/sql/Connection;)Ljava/lang/Object;+2
j  org.hibernate.jdbc.AbstractReturningWork.accept(Lorg/hibernate/jdbc/WorkExecutor;Ljava/sql/Connection;)Ljava/lang/Object;+3
j  org.hibernate.resource.transaction.backend.jdbc.internal.JdbcIsolationDelegate.delegateWork(Lorg/hibernate/jdbc/WorkExecutorVisitable;Z)Ljava/lang/Object;+47
j  org.hibernate.engine.jdbc.env.internal.JdbcEnvironmentInitiator.getJdbcEnvironmentUsingJdbcMetadata(Ljava/util/Map;Lorg/hibernate/service/spi/ServiceRegistryImplementor;Lorg/hibernate/engine/jdbc/dialect/spi/DialectFactory;Ljava/lang/String;Ljava/lang/Integer;Ljava/lang/Integer;Ljava/lang/String;)Lorg/hibernate/engine/jdbc/env/internal/JdbcEnvironmentImpl;+101
j  org.hibernate.engine.jdbc.env.internal.JdbcEnvironmentInitiator.initiateService(Ljava/util/Map;Lorg/hibernate/service/spi/ServiceRegistryImplementor;)Lorg/hibernate/engine/jdbc/env/spi/JdbcEnvironment;+242
j  org.hibernate.engine.jdbc.env.internal.JdbcEnvironmentInitiator.initiateService(Ljava/util/Map;Lorg/hibernate/service/spi/ServiceRegistryImplementor;)Lorg/hibernate/service/Service;+3
j  org.hibernate.boot.registry.internal.StandardServiceRegistryImpl.initiateService(Lorg/hibernate/service/spi/ServiceInitiator;)Lorg/hibernate/service/Service;+9
j  org.hibernate.service.internal.AbstractServiceRegistryImpl.createService(Lorg/hibernate/service/spi/ServiceBinding;)Lorg/hibernate/service/Service;+26
j  org.hibernate.service.internal.AbstractServiceRegistryImpl.initializeService(Lorg/hibernate/service/spi/ServiceBinding;)Lorg/hibernate/service/Service;+30
j  org.hibernate.service.internal.AbstractServiceRegistryImpl.getService(Ljava/lang/Class;)Lorg/hibernate/service/Service;+112
j  org.hibernate.boot.model.relational.Database.<init>(Lorg/hibernate/boot/spi/MetadataBuildingOptions;)V+10
j  org.hibernate.boot.internal.InFlightMetadataCollectorImpl.getDatabase()Lorg/hibernate/boot/model/relational/Database;+16
j  org.hibernate.boot.internal.InFlightMetadataCollectorImpl.<init>(Lorg/hibernate/boot/spi/BootstrapContext;Lorg/hibernate/boot/spi/MetadataBuildingOptions;)V+390
j  org.hibernate.boot.model.process.spi.MetadataBuildingProcess.complete(Lorg/hibernate/boot/model/process/spi/ManagedResources;Lorg/hibernate/boot/spi/BootstrapContext;Lorg/hibernate/boot/spi/MetadataBuildingOptions;)Lorg/hibernate/boot/spi/MetadataImplementor;+6
j  org.hibernate.jpa.boot.internal.EntityManagerFactoryBuilderImpl.metadata()Lorg/hibernate/boot/spi/MetadataImplementor;+30
j  org.hibernate.jpa.boot.internal.EntityManagerFactoryBuilderImpl.build()Ljakarta/persistence/EntityManagerFactory;+3
j  org.springframework.orm.jpa.vendor.SpringHibernateJpaPersistenceProvider.createContainerEntityManagerFactory(Ljakarta/persistence/spi/PersistenceUnitInfo;Ljava/util/Map;)Ljakarta/persistence/EntityManagerFactory;+59
j  org.springframework.orm.jpa.LocalContainerEntityManagerFactoryBean.createNativeEntityManagerFactory()Ljakarta/persistence/EntityManagerFactory;+111
j  org.springframework.orm.jpa.AbstractEntityManagerFactoryBean.buildNativeEntityManagerFactory()Ljakarta/persistence/EntityManagerFactory;+1
j  org.springframework.orm.jpa.AbstractEntityManagerFactoryBean.afterPropertiesSet()V+192
j  org.springframework.orm.jpa.LocalContainerEntityManagerFactoryBean.afterPropertiesSet()V+84
j  org.springframework.beans.factory.support.AbstractAutowireCapableBeanFactory.invokeInitMethods(Ljava/lang/String;Ljava/lang/Object;Lorg/springframework/beans/factory/support/RootBeanDefinition;)V+56
j  org.springframework.beans.factory.support.AbstractAutowireCapableBeanFactory.initializeBean(Ljava/lang/String;Ljava/lang/Object;Lorg/springframework/beans/factory/support/RootBeanDefinition;)Ljava/lang/Object;+34
j  org.springframework.beans.factory.support.AbstractAutowireCapableBeanFactory.doCreateBean(Ljava/lang/String;Lorg/springframework/beans/factory/support/RootBeanDefinition;[Ljava/lang/Object;)Ljava/lang/Object;+228
j  org.springframework.beans.factory.support.AbstractAutowireCapableBeanFactory.createBean(Ljava/lang/String;Lorg/springframework/beans/factory/support/RootBeanDefinition;[Ljava/lang/Object;)Ljava/lang/Object;+153
j  org.springframework.beans.factory.support.AbstractBeanFactory.lambda$doGetBean$0(Ljava/lang/String;Lorg/springframework/beans/factory/support/RootBeanDefinition;[Ljava/lang/Object;)Ljava/lang/Object;+4
j  org.springframework.beans.factory.support.AbstractBeanFactory$$Lambda$346+0x00000001002d40c0.getObject()Ljava/lang/Object;+16
j  org.springframework.beans.factory.support.DefaultSingletonBeanRegistry.getSingleton(Ljava/lang/String;Lorg/springframework/beans/factory/ObjectFactory;)Ljava/lang/Object;+114
J 2524 c1 org.springframework.beans.factory.support.AbstractBeanFactory.doGetBean(Ljava/lang/String;Ljava/lang/Class;[Ljava/lang/Object;Z)Ljava/lang/Object; (714 bytes) @ 0x000001c4f8717bec [0x000001c4f8717640+0x00000000000005ac]
j  org.springframework.beans.factory.support.AbstractBeanFactory.getBean(Ljava/lang/String;)Ljava/lang/Object;+5
j  org.springframework.context.support.AbstractApplicationContext.getBean(Ljava/lang/String;)Ljava/lang/Object;+9
j  org.springframework.context.support.AbstractApplicationContext.finishBeanFactoryInitialization(Lorg/springframework/beans/factory/config/ConfigurableListableBeanFactory;)V+106
j  org.springframework.context.support.AbstractApplicationContext.refresh()V+86
j  org.springframework.boot.web.servlet.context.ServletWebServerApplicationContext.refresh()V+1
j  org.springframework.boot.SpringApplication.refresh(Lorg/springframework/context/ConfigurableApplicationContext;)V+1
j  org.springframework.boot.SpringApplication.refreshContext(Lorg/springframework/context/ConfigurableApplicationContext;)V+16
j  org.springframework.boot.SpringApplication.run([Ljava/lang/String;)Lorg/springframework/context/ConfigurableApplicationContext;+114
j  org.springframework.boot.SpringApplication.run([Ljava/lang/Class;[Ljava/lang/String;)Lorg/springframework/context/ConfigurableApplicationContext;+9
j  org.springframework.boot.SpringApplication.run(Ljava/lang/Class;[Ljava/lang/String;)Lorg/springframework/context/ConfigurableApplicationContext;+9
j  com.quiz.QuizAppApplication.main([Ljava/lang/String;)V+3
v  ~StubRoutines::call_stub

---------------  P R O C E S S  ---------------

Threads class SMR info:
_java_thread_list=0x000001c48540f290, length=27, elements={
0x000001c4f4af8fd0, 0x000001c4ff45b3e0, 0x000001c4ff45f250, 0x000001c4ff46fef0,
0x000001c4ff470690, 0x000001c4ff471c70, 0x000001c4ff472240, 0x000001c4ff474690,
0x000001c4ff5a3ac0, 0x000001c4ff5d8330, 0x000001c4ff704ad0, 0x000001c4ff747800,
0x000001c48431efb0, 0x000001c4843132e0, 0x000001c484319b50, 0x000001c484311b50,
0x000001c48431a030, 0x000001c484382010, 0x000001c4843dc140, 0x000001c4843dad00,
0x000001c4843db720, 0x000001c4843dc650, 0x000001c4843db210, 0x000001c4843dda90,
0x000001c4843dcb60, 0x000001c4843dbc30, 0x000001c4843dd070
}

Java Threads: ( => current thread )
=>0x000001c4f4af8fd0 JavaThread "main" [_thread_in_vm, id=9512, stack(0x0000003d27200000,0x0000003d27300000)]
  0x000001c4ff45b3e0 JavaThread "Reference Handler" daemon [_thread_blocked, id=12608, stack(0x0000003d27900000,0x0000003d27a00000)]
  0x000001c4ff45f250 JavaThread "Finalizer" daemon [_thread_blocked, id=10932, stack(0x0000003d27a00000,0x0000003d27b00000)]
  0x000001c4ff46fef0 JavaThread "Signal Dispatcher" daemon [_thread_blocked, id=3088, stack(0x0000003d27b00000,0x0000003d27c00000)]
  0x000001c4ff470690 JavaThread "Attach Listener" daemon [_thread_blocked, id=4668, stack(0x0000003d27c00000,0x0000003d27d00000)]
  0x000001c4ff471c70 JavaThread "Service Thread" daemon [_thread_blocked, id=10660, stack(0x0000003d27d00000,0x0000003d27e00000)]
  0x000001c4ff472240 JavaThread "Monitor Deflation Thread" daemon [_thread_blocked, id=1984, stack(0x0000003d27e00000,0x0000003d27f00000)]
  0x000001c4ff474690 JavaThread "C1 CompilerThread0" daemon [_thread_blocked, id=13300, stack(0x0000003d27f00000,0x0000003d28000000)]
  0x000001c4ff5a3ac0 JavaThread "Sweeper thread" daemon [_thread_blocked, id=1912, stack(0x0000003d28000000,0x0000003d28100000)]
  0x000001c4ff5d8330 JavaThread "Common-Cleaner" daemon [_thread_blocked, id=9988, stack(0x0000003d28100000,0x0000003d28200000)]
  0x000001c4ff704ad0 JavaThread "C1 CompilerThread1" daemon [_thread_blocked, id=6752, stack(0x0000003d28200000,0x0000003d28300000)]
  0x000001c4ff747800 JavaThread "Notification Thread" daemon [_thread_blocked, id=12528, stack(0x0000003d28300000,0x0000003d28400000)]
  0x000001c48431efb0 JavaThread "RMI TCP Accept-0" daemon [_thread_in_native, id=1012, stack(0x0000003d28500000,0x0000003d28600000)]
  0x000001c4843132e0 JavaThread "RMI TCP Accept-57500" daemon [_thread_in_native, id=2800, stack(0x0000003d28600000,0x0000003d28700000)]
  0x000001c484319b50 JavaThread "RMI TCP Accept-0" daemon [_thread_in_native, id=228, stack(0x0000003d28700000,0x0000003d28800000)]
  0x000001c484311b50 JavaThread "RMI TCP Connection(1)-127.0.0.1" daemon [_thread_in_native, id=13128, stack(0x0000003d28900000,0x0000003d28a00000)]
  0x000001c48431a030 JavaThread "RMI Scheduler(0)" daemon [_thread_blocked, id=6732, stack(0x0000003d28a00000,0x0000003d28b00000)]
  0x000001c484382010 JavaThread "RMI TCP Connection(2)-127.0.0.1" daemon [_thread_in_native, id=10468, stack(0x0000003d28b00000,0x0000003d28c00000)]
  0x000001c4843dc140 JavaThread "JMX server connection timeout 20" daemon [_thread_blocked, id=1884, stack(0x0000003d28c00000,0x0000003d28d00000)]
  0x000001c4843dad00 JavaThread "Catalina-utility-1" [_thread_blocked, id=8888, stack(0x0000003d28d00000,0x0000003d28e00000)]
  0x000001c4843db720 JavaThread "Catalina-utility-2" [_thread_blocked, id=12864, stack(0x0000003d28e00000,0x0000003d28f00000)]
  0x000001c4843dc650 JavaThread "container-0" [_thread_blocked, id=8232, stack(0x0000003d28f00000,0x0000003d29000000)]
  0x000001c4843db210 JavaThread "oracle.jdbc.driver.BlockSource.ThreadedCachingBlockSource.BlockReleaser" daemon [_thread_blocked, id=948, stack(0x0000003d29000000,0x0000003d29100000)]
  0x000001c4843dda90 JavaThread "InterruptTimer" daemon [_thread_blocked, id=12964, stack(0x0000003d29100000,0x0000003d29200000)]
  0x000001c4843dcb60 JavaThread "OJDBC-WORKER-THREAD-1" daemon [_thread_blocked, id=13016, stack(0x0000003d29200000,0x0000003d29300000)]
  0x000001c4843dbc30 JavaThread "HikariPool-1 housekeeper" daemon [_thread_blocked, id=5920, stack(0x0000003d29300000,0x0000003d29400000)]
  0x000001c4843dd070 JavaThread "HikariPool-1 connection adder" daemon [_thread_in_native, id=12900, stack(0x0000003d29400000,0x0000003d29500000)]

Other Threads:
  0x000001c4ff3ddf20 VMThread "VM Thread" [stack: 0x0000003d27800000,0x0000003d27900000] [id=2548]
  0x000001c484313fd0 WatcherThread [stack: 0x0000003d28800000,0x0000003d28900000] [id=1532]
  0x000001c4f4b33020 GCTaskThread "GC Thread#0" [stack: 0x0000003d27300000,0x0000003d27400000] [id=2908]
  0x000001c48419abd0 GCTaskThread "GC Thread#1" [stack: 0x0000003d28400000,0x0000003d28500000] [id=8420]
  0x000001c4f4b3c260 ConcurrentGCThread "G1 Main Marker" [stack: 0x0000003d27400000,0x0000003d27500000] [id=10256]
  0x000001c4f4b3ec90 ConcurrentGCThread "G1 Conc#0" [stack: 0x0000003d27500000,0x0000003d27600000] [id=4504]
  0x000001c4f4bada30 ConcurrentGCThread "G1 Refine#0" [stack: 0x0000003d27600000,0x0000003d27700000] [id=8472]
  0x000001c4f4bae070 ConcurrentGCThread "G1 Service" [stack: 0x0000003d27700000,0x0000003d27800000] [id=2692]

Threads with active compile tasks:

VM state: not at safepoint (normal execution)

VM Mutex/Monitor currently owned by a thread:  ([mutex/lock_event])
[0x000001c4f4af3310] Metaspace_lock - owner thread: 0x000001c4f4af8fd0

Heap address: 0x00000000c2c00000, size: 980 MB, Compressed Oops mode: 32-bit

CDS archive(s) not mapped
Compressed class space mapped at: 0x0000000100000000-0x0000000140000000, reserved size: 1073741824
Narrow klass base: 0x0000000000000000, Narrow klass shift: 3, Narrow klass range: 0x140000000

GC Precious Log:
 CPUs: 2 total, 2 available
 Memory: 3912M
 Large Page Support: Disabled
 NUMA Support: Disabled
 Compressed Oops: Enabled (32-bit)
 Heap Region Size: 1M
 Heap Min Capacity: 8M
 Heap Initial Capacity: 62M
 Heap Max Capacity: 980M
 Pre-touch: Disabled
 Parallel Workers: 2
 Concurrent Workers: 1
 Concurrent Refinement Workers: 2
 Periodic GC: Disabled

Heap:
 garbage-first heap   total 61440K, used 22826K [0x00000000c2c00000, 0x0000000100000000)
  region size 1024K, 7 young (7168K), 2 survivors (2048K)
 Metaspace       used 50853K, committed 51328K, reserved 1114112K
  class space    used 6580K, committed 6848K, reserved 1048576K

Heap Regions: E=young(eden), S=young(survivor), O=old, HS=humongous(starts), HC=humongous(continues), CS=collection set, F=free, OA=open archive, CA=closed archive, TAMS=top-at-mark-start (previous, next)
|   0|0x00000000c2c00000, 0x00000000c2d00000, 0x00000000c2d00000|100%|HS|  |TAMS 0x00000000c2d00000, 0x00000000c2c00000| Complete 
|   1|0x00000000c2d00000, 0x00000000c2e00000, 0x00000000c2e00000|100%| O|  |TAMS 0x00000000c2e00000, 0x00000000c2d00000| Untracked 
|   2|0x00000000c2e00000, 0x00000000c2f00000, 0x00000000c2f00000|100%| O|  |TAMS 0x00000000c2f00000, 0x00000000c2e00000| Untracked 
|   3|0x00000000c2f00000, 0x00000000c3000000, 0x00000000c3000000|100%| O|  |TAMS 0x00000000c3000000, 0x00000000c2f00000| Untracked 
|   4|0x00000000c3000000, 0x00000000c3100000, 0x00000000c3100000|100%| O|  |TAMS 0x00000000c3100000, 0x00000000c3000000| Untracked 
|   5|0x00000000c3100000, 0x00000000c3200000, 0x00000000c3200000|100%| O|  |TAMS 0x00000000c3200000, 0x00000000c3100000| Untracked 
|   6|0x00000000c3200000, 0x00000000c32e4400, 0x00000000c3300000| 89%| O|  |TAMS 0x00000000c32e4400, 0x00000000c3200000| Untracked 
|   7|0x00000000c3300000, 0x00000000c3400000, 0x00000000c3400000|100%| O|  |TAMS 0x00000000c3400000, 0x00000000c3300000| Untracked 
|   8|0x00000000c3400000, 0x00000000c3500000, 0x00000000c3500000|100%| O|  |TAMS 0x00000000c3500000, 0x00000000c3400000| Untracked 
|   9|0x00000000c3500000, 0x00000000c3600000, 0x00000000c3600000|100%| O|  |TAMS 0x00000000c3600000, 0x00000000c3500000| Untracked 
|  10|0x00000000c3600000, 0x00000000c3700000, 0x00000000c3700000|100%| O|  |TAMS 0x00000000c3700000, 0x00000000c3600000| Untracked 
|  11|0x00000000c3700000, 0x00000000c3800000, 0x00000000c3800000|100%| O|  |TAMS 0x00000000c3800000, 0x00000000c3700000| Untracked 
|  12|0x00000000c3800000, 0x00000000c3900000, 0x00000000c3900000|100%| O|  |TAMS 0x00000000c3900000, 0x00000000c3800000| Untracked 
|  13|0x00000000c3900000, 0x00000000c3a00000, 0x00000000c3a00000|100%| O|  |TAMS 0x00000000c39dfe00, 0x00000000c3900000| Untracked 
|  14|0x00000000c3a00000, 0x00000000c3b00000, 0x00000000c3b00000|100%| O|  |TAMS 0x00000000c3a00000, 0x00000000c3a00000| Untracked 
|  15|0x00000000c3b00000, 0x00000000c3b4e000, 0x00000000c3c00000| 30%| O|  |TAMS 0x00000000c3b00000, 0x00000000c3b00000| Untracked 
|  16|0x00000000c3c00000, 0x00000000c3d00000, 0x00000000c3d00000|100%| O|  |TAMS 0x00000000c3c00000, 0x00000000c3c00000| Untracked 
|  17|0x00000000c3d00000, 0x00000000c3e00000, 0x00000000c3e00000|100%| O|  |TAMS 0x00000000c3d00000, 0x00000000c3d00000| Untracked 
|  18|0x00000000c3e00000, 0x00000000c3ea8a00, 0x00000000c3f00000| 65%| O|  |TAMS 0x00000000c3e00000, 0x00000000c3e00000| Untracked 
|  19|0x00000000c3f00000, 0x00000000c3f00000, 0x00000000c4000000|  0%| F|  |TAMS 0x00000000c3f00000, 0x00000000c3f00000| Untracked 
|  20|0x00000000c4000000, 0x00000000c4000000, 0x00000000c4100000|  0%| F|  |TAMS 0x00000000c4000000, 0x00000000c4000000| Untracked 
|  21|0x00000000c4100000, 0x00000000c4100000, 0x00000000c4200000|  0%| F|  |TAMS 0x00000000c4100000, 0x00000000c4100000| Untracked 
|  22|0x00000000c4200000, 0x00000000c4200000, 0x00000000c4300000|  0%| F|  |TAMS 0x00000000c4200000, 0x00000000c4200000| Untracked 
|  23|0x00000000c4300000, 0x00000000c4300000, 0x00000000c4400000|  0%| F|  |TAMS 0x00000000c4300000, 0x00000000c4300000| Untracked 
|  24|0x00000000c4400000, 0x00000000c4400000, 0x00000000c4500000|  0%| F|  |TAMS 0x00000000c4400000, 0x00000000c4400000| Untracked 
|  25|0x00000000c4500000, 0x00000000c4500000, 0x00000000c4600000|  0%| F|  |TAMS 0x00000000c4500000, 0x00000000c4500000| Untracked 
|  26|0x00000000c4600000, 0x00000000c4600000, 0x00000000c4700000|  0%| F|  |TAMS 0x00000000c4600000, 0x00000000c4600000| Untracked 
|  27|0x00000000c4700000, 0x00000000c4700000, 0x00000000c4800000|  0%| F|  |TAMS 0x00000000c4700000, 0x00000000c4700000| Untracked 
|  28|0x00000000c4800000, 0x00000000c4800000, 0x00000000c4900000|  0%| F|  |TAMS 0x00000000c4800000, 0x00000000c4800000| Untracked 
|  29|0x00000000c4900000, 0x00000000c4900000, 0x00000000c4a00000|  0%| F|  |TAMS 0x00000000c4900000, 0x00000000c4900000| Untracked 
|  30|0x00000000c4a00000, 0x00000000c4a00000, 0x00000000c4b00000|  0%| F|  |TAMS 0x00000000c4a00000, 0x00000000c4a00000| Untracked 
|  31|0x00000000c4b00000, 0x00000000c4b00000, 0x00000000c4c00000|  0%| F|  |TAMS 0x00000000c4b00000, 0x00000000c4b00000| Untracked 
|  32|0x00000000c4c00000, 0x00000000c4c6fa30, 0x00000000c4d00000| 43%| S|CS|TAMS 0x00000000c4c00000, 0x00000000c4c00000| Complete 
|  33|0x00000000c4d00000, 0x00000000c4e00000, 0x00000000c4e00000|100%| S|CS|TAMS 0x00000000c4d00000, 0x00000000c4d00000| Complete 
|  34|0x00000000c4e00000, 0x00000000c4e00000, 0x00000000c4f00000|  0%| F|  |TAMS 0x00000000c4e00000, 0x00000000c4e00000| Untracked 
|  35|0x00000000c4f00000, 0x00000000c4f00000, 0x00000000c5000000|  0%| F|  |TAMS 0x00000000c4f00000, 0x00000000c4f00000| Untracked 
|  36|0x00000000c5000000, 0x00000000c5000000, 0x00000000c5100000|  0%| F|  |TAMS 0x00000000c5000000, 0x00000000c5000000| Untracked 
|  37|0x00000000c5100000, 0x00000000c5100000, 0x00000000c5200000|  0%| F|  |TAMS 0x00000000c5100000, 0x00000000c5100000| Untracked 
|  38|0x00000000c5200000, 0x00000000c5200000, 0x00000000c5300000|  0%| F|  |TAMS 0x00000000c5200000, 0x00000000c5200000| Untracked 
|  39|0x00000000c5300000, 0x00000000c5300000, 0x00000000c5400000|  0%| F|  |TAMS 0x00000000c5300000, 0x00000000c5300000| Untracked 
|  40|0x00000000c5400000, 0x00000000c5400000, 0x00000000c5500000|  0%| F|  |TAMS 0x00000000c5400000, 0x00000000c5400000| Untracked 
|  41|0x00000000c5500000, 0x00000000c5500000, 0x00000000c5600000|  0%| F|  |TAMS 0x00000000c5500000, 0x00000000c5500000| Untracked 
|  42|0x00000000c5600000, 0x00000000c5600000, 0x00000000c5700000|  0%| F|  |TAMS 0x00000000c5600000, 0x00000000c5600000| Untracked 
|  43|0x00000000c5700000, 0x00000000c5700000, 0x00000000c5800000|  0%| F|  |TAMS 0x00000000c5700000, 0x00000000c5700000| Untracked 
|  44|0x00000000c5800000, 0x00000000c5800000, 0x00000000c5900000|  0%| F|  |TAMS 0x00000000c5800000, 0x00000000c5800000| Untracked 
|  45|0x00000000c5900000, 0x00000000c5900000, 0x00000000c5a00000|  0%| F|  |TAMS 0x00000000c5900000, 0x00000000c5900000| Untracked 
|  46|0x00000000c5a00000, 0x00000000c5a00000, 0x00000000c5b00000|  0%| F|  |TAMS 0x00000000c5a00000, 0x00000000c5a00000| Untracked 
|  47|0x00000000c5b00000, 0x00000000c5b00000, 0x00000000c5c00000|  0%| F|  |TAMS 0x00000000c5b00000, 0x00000000c5b00000| Untracked 
|  48|0x00000000c5c00000, 0x00000000c5c00000, 0x00000000c5d00000|  0%| F|  |TAMS 0x00000000c5c00000, 0x00000000c5c00000| Untracked 
|  49|0x00000000c5d00000, 0x00000000c5d00000, 0x00000000c5e00000|  0%| F|  |TAMS 0x00000000c5d00000, 0x00000000c5d00000| Untracked 
|  50|0x00000000c5e00000, 0x00000000c5e00000, 0x00000000c5f00000|  0%| F|  |TAMS 0x00000000c5e00000, 0x00000000c5e00000| Untracked 
|  51|0x00000000c5f00000, 0x00000000c5f00000, 0x00000000c6000000|  0%| F|  |TAMS 0x00000000c5f00000, 0x00000000c5f00000| Untracked 
|  52|0x00000000c6000000, 0x00000000c6000000, 0x00000000c6100000|  0%| F|  |TAMS 0x00000000c6000000, 0x00000000c6000000| Untracked 
|  53|0x00000000c6100000, 0x00000000c6100000, 0x00000000c6200000|  0%| F|  |TAMS 0x00000000c6100000, 0x00000000c6100000| Untracked 
|  54|0x00000000c6200000, 0x00000000c6200000, 0x00000000c6300000|  0%| F|  |TAMS 0x00000000c6200000, 0x00000000c6200000| Untracked 
|  55|0x00000000c6300000, 0x00000000c63fccd8, 0x00000000c6400000| 98%| E|  |TAMS 0x00000000c6300000, 0x00000000c6300000| Complete 
|  56|0x00000000c6400000, 0x00000000c6500000, 0x00000000c6500000|100%| E|CS|TAMS 0x00000000c6400000, 0x00000000c6400000| Complete 
|  57|0x00000000c6500000, 0x00000000c6600000, 0x00000000c6600000|100%| E|CS|TAMS 0x00000000c6500000, 0x00000000c6500000| Complete 
|  58|0x00000000c6600000, 0x00000000c6700000, 0x00000000c6700000|100%| E|CS|TAMS 0x00000000c6600000, 0x00000000c6600000| Complete 
|  61|0x00000000c6900000, 0x00000000c6a00000, 0x00000000c6a00000|100%| E|  |TAMS 0x00000000c6900000, 0x00000000c6900000| Complete 

Card table byte_map: [0x000001c4f46c0000,0x000001c4f48b0000] _byte_map_base: 0x000001c4f40aa000

Marking Bits (Prev, Next): (CMBitMap*) 0x000001c4f4b33640, (CMBitMap*) 0x000001c4f4b33680
 Prev Bits: [0x000001c4fb1b0000, 0x000001c4fc100000)
 Next Bits: [0x000001c4fc100000, 0x000001c4fd050000)

Polling page: 0x000001c4f2a20000

Metaspace:

Usage:
  Non-class:     43.23 MB used.
      Class:      6.43 MB used.
       Both:     49.66 MB used.

Virtual space:
  Non-class space:       64.00 MB reserved,      43.44 MB ( 68%) committed,  1 nodes.
      Class space:        1.00 GB reserved,       6.69 MB ( <1%) committed,  1 nodes.
             Both:        1.06 GB reserved,      50.12 MB (  5%) committed. 

Chunk freelists:
   Non-Class:  3.67 MB
       Class:  9.36 MB
        Both:  13.03 MB

MaxMetaspaceSize: unlimited
CompressedClassSpaceSize: 1.00 GB
Initial GC threshold: 21.00 MB
Current GC threshold: 58.75 MB
CDS: off
MetaspaceReclaimPolicy: balanced
 - commit_granule_bytes: 65536.
 - commit_granule_words: 8192.
 - virtual_space_node_default_size: 8388608.
 - enlarge_chunks_in_place: 1.
 - new_chunks_are_fully_committed: 0.
 - uncommit_free_chunks: 1.
 - use_allocation_guard: 0.
 - handle_deallocations: 1.


Internal statistics:

num_allocs_failed_limit: 8.
num_arena_births: 642.
num_arena_deaths: 2.
num_vsnodes_births: 2.
num_vsnodes_deaths: 0.
num_space_committed: 802.
num_space_uncommitted: 0.
num_chunks_returned_to_freelist: 10.
num_chunks_taken_from_freelist: 2177.
num_chunk_merges: 8.
num_chunk_splits: 1521.
num_chunks_enlarged: 1134.
num_inconsistent_stats: 0.

CodeCache: size=49152Kb used=7707Kb max_used=7707Kb free=41444Kb
 bounds [0x000001c4f81b0000, 0x000001c4f8940000, 0x000001c4fb1b0000]
 total_blobs=4417 nmethods=3826 adapters=517
 compilation: enabled
              stopped_count=0, restarted_count=0
 full_count=0

Compilation events (20 events):
Event: 12.604 Thread 0x000001c4ff704ad0 3818       1       java.io.ObjectInputStream::readArray (430 bytes)
Event: 12.604 Thread 0x000001c4ff474690 3819       1       java.io.ObjectInputStream::readHandle (141 bytes)
Event: 12.605 Thread 0x000001c4ff474690 nmethod 3819 0x000001c4f892b790 code [0x000001c4f892ba20, 0x000001c4f892c488]
Event: 12.606 Thread 0x000001c4ff474690 3820       1       java.io.ObjectInputStream$HandleTable::lookupObject (26 bytes)
Event: 12.606 Thread 0x000001c4ff474690 nmethod 3820 0x000001c4f892e290 code [0x000001c4f892e440, 0x000001c4f892e598]
Event: 12.606 Thread 0x000001c4ff704ad0 nmethod 3818 0x000001c4f892ca10 code [0x000001c4f892cd40, 0x000001c4f892d9e8]
Event: 12.606 Thread 0x000001c4ff704ad0 3821       1       java.io.ObjectInputStream$BlockDataInputStream::readInts (146 bytes)
Event: 12.607 Thread 0x000001c4ff704ad0 nmethod 3821 0x000001c4f892e690 code [0x000001c4f892e860, 0x000001c4f892eb48]
Event: 12.609 Thread 0x000001c4ff474690 3822       1       java.io.ObjectStreamField::setOffset (6 bytes)
Event: 12.610 Thread 0x000001c4ff474690 nmethod 3822 0x000001c4f892ed90 code [0x000001c4f892ef20, 0x000001c4f892eff8]
Event: 12.611 Thread 0x000001c4ff704ad0 3823       1       java.util.regex.Pattern$BitClass::is (22 bytes)
Event: 12.611 Thread 0x000001c4ff704ad0 nmethod 3823 0x000001c4f892f090 code [0x000001c4f892f220, 0x000001c4f892f338]
Event: 12.612 Thread 0x000001c4ff474690 3824       1       java.util.regex.Pattern::escape (1327 bytes)
Event: 12.615 Thread 0x000001c4ff704ad0 3825       1       oracle.net.jdbc.nl.NVPair::_setParent (6 bytes)
Event: 12.616 Thread 0x000001c4ff704ad0 nmethod 3825 0x000001c4f892f710 code [0x000001c4f892f8a0, 0x000001c4f892f9b8]
Event: 12.618 Thread 0x000001c4ff704ad0 3826       1       oracle.net.jdbc.nl.NVTokens::_trimWhiteSpace (62 bytes)
Event: 12.618 Thread 0x000001c4ff474690 nmethod 3824 0x000001c4f892fa10 code [0x000001c4f89301a0, 0x000001c4f89336e8]
Event: 12.619 Thread 0x000001c4ff474690 3827       1       oracle.net.jdbc.nl.NVTokens::popLiteral (71 bytes)
Event: 12.619 Thread 0x000001c4ff704ad0 nmethod 3826 0x000001c4f8934490 code [0x000001c4f8934680, 0x000001c4f8934ba8]
Event: 12.619 Thread 0x000001c4ff474690 nmethod 3827 0x000001c4f8934f90 code [0x000001c4f8935160, 0x000001c4f89353e8]

GC Heap History (20 events):
Event: 5.892 GC heap before
{Heap before GC invocations=6 (full 0):
 garbage-first heap   total 34816K, used 26309K [0x00000000c2c00000, 0x0000000100000000)
  region size 1024K, 20 young (20480K), 2 survivors (2048K)
 Metaspace       used 25787K, committed 26048K, reserved 1114112K
  class space    used 3041K, committed 3136K, reserved 1048576K
}
Event: 5.901 GC heap after
{Heap after GC invocations=7 (full 0):
 garbage-first heap   total 34816K, used 10252K [0x00000000c2c00000, 0x0000000100000000)
  region size 1024K, 3 young (3072K), 3 survivors (3072K)
 Metaspace       used 25787K, committed 26048K, reserved 1114112K
  class space    used 3041K, committed 3136K, reserved 1048576K
}
Event: 5.924 GC heap before
{Heap before GC invocations=7 (full 0):
 garbage-first heap   total 34816K, used 11276K [0x00000000c2c00000, 0x0000000100000000)
  region size 1024K, 4 young (4096K), 3 survivors (3072K)
 Metaspace       used 25995K, committed 26240K, reserved 1114112K
  class space    used 3068K, committed 3200K, reserved 1048576K
}
Event: 5.931 GC heap after
{Heap after GC invocations=8 (full 0):
 garbage-first heap   total 34816K, used 10368K [0x00000000c2c00000, 0x0000000100000000)
  region size 1024K, 1 young (1024K), 1 survivors (1024K)
 Metaspace       used 25995K, committed 26240K, reserved 1114112K
  class space    used 3068K, committed 3200K, reserved 1048576K
}
Event: 6.460 GC heap before
{Heap before GC invocations=8 (full 0):
 garbage-first heap   total 34816K, used 22656K [0x00000000c2c00000, 0x0000000100000000)
  region size 1024K, 14 young (14336K), 1 survivors (1024K)
 Metaspace       used 27941K, committed 28224K, reserved 1114112K
  class space    used 3348K, committed 3456K, reserved 1048576K
}
Event: 6.464 GC heap after
{Heap after GC invocations=9 (full 0):
 garbage-first heap   total 34816K, used 11401K [0x00000000c2c00000, 0x0000000100000000)
  region size 1024K, 2 young (2048K), 2 survivors (2048K)
 Metaspace       used 27941K, committed 28224K, reserved 1114112K
  class space    used 3348K, committed 3456K, reserved 1048576K
}
Event: 7.085 GC heap before
{Heap before GC invocations=9 (full 0):
 garbage-first heap   total 34816K, used 23689K [0x00000000c2c00000, 0x0000000100000000)
  region size 1024K, 14 young (14336K), 2 survivors (2048K)
 Metaspace       used 28802K, committed 29056K, reserved 1114112K
  class space    used 3475K, committed 3584K, reserved 1048576K
}
Event: 7.090 GC heap after
{Heap after GC invocations=10 (full 0):
 garbage-first heap   total 34816K, used 12332K [0x00000000c2c00000, 0x0000000100000000)
  region size 1024K, 2 young (2048K), 2 survivors (2048K)
 Metaspace       used 28802K, committed 29056K, reserved 1114112K
  class space    used 3475K, committed 3584K, reserved 1048576K
}
Event: 7.648 GC heap before
{Heap before GC invocations=10 (full 0):
 garbage-first heap   total 34816K, used 22572K [0x00000000c2c00000, 0x0000000100000000)
  region size 1024K, 13 young (13312K), 2 survivors (2048K)
 Metaspace       used 30597K, committed 30976K, reserved 1114112K
  class space    used 3730K, committed 3904K, reserved 1048576K
}
Event: 7.653 GC heap after
{Heap after GC invocations=11 (full 0):
 garbage-first heap   total 34816K, used 13030K [0x00000000c2c00000, 0x0000000100000000)
  region size 1024K, 2 young (2048K), 2 survivors (2048K)
 Metaspace       used 30597K, committed 30976K, reserved 1114112K
  class space    used 3730K, committed 3904K, reserved 1048576K
}
Event: 8.192 GC heap before
{Heap before GC invocations=11 (full 0):
 garbage-first heap   total 34816K, used 24294K [0x00000000c2c00000, 0x0000000100000000)
  region size 1024K, 14 young (14336K), 2 survivors (2048K)
 Metaspace       used 32404K, committed 32768K, reserved 1114112K
  class space    used 4024K, committed 4224K, reserved 1048576K
}
Event: 8.200 GC heap after
{Heap after GC invocations=12 (full 0):
 garbage-first heap   total 34816K, used 14222K [0x00000000c2c00000, 0x0000000100000000)
  region size 1024K, 2 young (2048K), 2 survivors (2048K)
 Metaspace       used 32404K, committed 32768K, reserved 1114112K
  class space    used 4024K, committed 4224K, reserved 1048576K
}
Event: 8.771 GC heap before
{Heap before GC invocations=12 (full 0):
 garbage-first heap   total 34816K, used 26510K [0x00000000c2c00000, 0x0000000100000000)
  region size 1024K, 14 young (14336K), 2 survivors (2048K)
 Metaspace       used 34453K, committed 34880K, reserved 1114112K
  class space    used 4372K, committed 4544K, reserved 1048576K
}
Event: 8.780 GC heap after
{Heap after GC invocations=13 (full 0):
 garbage-first heap   total 34816K, used 15665K [0x00000000c2c00000, 0x0000000100000000)
  region size 1024K, 2 young (2048K), 2 survivors (2048K)
 Metaspace       used 34453K, committed 34880K, reserved 1114112K
  class space    used 4372K, committed 4544K, reserved 1048576K
}
Event: 8.990 GC heap before
{Heap before GC invocations=13 (full 0):
 garbage-first heap   total 34816K, used 19761K [0x00000000c2c00000, 0x0000000100000000)
  region size 1024K, 7 young (7168K), 2 survivors (2048K)
 Metaspace       used 35587K, committed 35968K, reserved 1114112K
  class space    used 4484K, committed 4672K, reserved 1048576K
}
Event: 8.997 GC heap after
{Heap after GC invocations=14 (full 0):
 garbage-first heap   total 61440K, used 16133K [0x00000000c2c00000, 0x0000000100000000)
  region size 1024K, 1 young (1024K), 1 survivors (1024K)
 Metaspace       used 35587K, committed 35968K, reserved 1114112K
  class space    used 4484K, committed 4672K, reserved 1048576K
}
Event: 10.850 GC heap before
{Heap before GC invocations=15 (full 0):
 garbage-first heap   total 61440K, used 45829K [0x00000000c2c00000, 0x0000000100000000)
  region size 1024K, 30 young (30720K), 1 survivors (1024K)
 Metaspace       used 41661K, committed 42176K, reserved 1114112K
  class space    used 5331K, committed 5568K, reserved 1048576K
}
Event: 10.858 GC heap after
{Heap after GC invocations=16 (full 0):
 garbage-first heap   total 61440K, used 18339K [0x00000000c2c00000, 0x0000000100000000)
  region size 1024K, 3 young (3072K), 3 survivors (3072K)
 Metaspace       used 41661K, committed 42176K, reserved 1114112K
  class space    used 5331K, committed 5568K, reserved 1048576K
}
Event: 12.567 GC heap before
{Heap before GC invocations=16 (full 0):
 garbage-first heap   total 61440K, used 43939K [0x00000000c2c00000, 0x0000000100000000)
  region size 1024K, 29 young (29696K), 3 survivors (3072K)
 Metaspace       used 49982K, committed 50496K, reserved 1114112K
  class space    used 6439K, committed 6720K, reserved 1048576K
}
Event: 12.578 GC heap after
{Heap after GC invocations=17 (full 0):
 garbage-first heap   total 61440K, used 19754K [0x00000000c2c00000, 0x0000000100000000)
  region size 1024K, 2 young (2048K), 2 survivors (2048K)
 Metaspace       used 49982K, committed 50496K, reserved 1114112K
  class space    used 6439K, committed 6720K, reserved 1048576K
}

Dll operation events (9 events):
Event: 0.093 Loaded shared library D:\sts-4.20.1.RELEASE\plugins\org.eclipse.justj.openjdk.hotspot.jre.full.win32.x86_64_17.0.8.v20230831-1047\jre\bin\java.dll
Event: 0.708 Loaded shared library D:\sts-4.20.1.RELEASE\plugins\org.eclipse.justj.openjdk.hotspot.jre.full.win32.x86_64_17.0.8.v20230831-1047\jre\bin\jimage.dll
Event: 0.771 Loaded shared library D:\sts-4.20.1.RELEASE\plugins\org.eclipse.justj.openjdk.hotspot.jre.full.win32.x86_64_17.0.8.v20230831-1047\jre\bin\net.dll
Event: 0.774 Loaded shared library D:\sts-4.20.1.RELEASE\plugins\org.eclipse.justj.openjdk.hotspot.jre.full.win32.x86_64_17.0.8.v20230831-1047\jre\bin\nio.dll
Event: 0.783 Loaded shared library D:\sts-4.20.1.RELEASE\plugins\org.eclipse.justj.openjdk.hotspot.jre.full.win32.x86_64_17.0.8.v20230831-1047\jre\bin\zip.dll
Event: 1.058 Loaded shared library D:\sts-4.20.1.RELEASE\plugins\org.eclipse.justj.openjdk.hotspot.jre.full.win32.x86_64_17.0.8.v20230831-1047\jre\bin\management.dll
Event: 1.181 Loaded shared library D:\sts-4.20.1.RELEASE\plugins\org.eclipse.justj.openjdk.hotspot.jre.full.win32.x86_64_17.0.8.v20230831-1047\jre\bin\management_ext.dll
Event: 9.313 Loaded shared library D:\sts-4.20.1.RELEASE\plugins\org.eclipse.justj.openjdk.hotspot.jre.full.win32.x86_64_17.0.8.v20230831-1047\jre\bin\sunmscapi.dll
Event: 10.993 Loaded shared library D:\sts-4.20.1.RELEASE\plugins\org.eclipse.justj.openjdk.hotspot.jre.full.win32.x86_64_17.0.8.v20230831-1047\jre\bin\verify.dll

Deoptimization events (6 events):
Event: 5.375 Thread 0x000001c4f4af8fd0 DEOPT PACKING pc=0x000001c4f862b699 sp=0x0000003d272fd130
Event: 5.375 Thread 0x000001c4f4af8fd0 DEOPT UNPACKING pc=0x000001c4f8207124 sp=0x0000003d272fc610 mode 3
Event: 5.949 Thread 0x000001c4f4af8fd0 DEOPT PACKING pc=0x000001c4f868a355 sp=0x0000003d272fd5e0
Event: 5.949 Thread 0x000001c4f4af8fd0 DEOPT UNPACKING pc=0x000001c4f8207124 sp=0x0000003d272fca88 mode 3
Event: 9.636 Thread 0x000001c4f4af8fd0 DEOPT PACKING pc=0x000001c4f8873cfd sp=0x0000003d272fc3f0
Event: 9.636 Thread 0x000001c4f4af8fd0 DEOPT UNPACKING pc=0x000001c4f8207124 sp=0x0000003d272fb958 mode 3

Classes unloaded (1 events):
Event: 5.071 Thread 0x000001c4ff3ddf20 Unloading class 0x0000000100155c00 'java/lang/invoke/LambdaForm$MH+0x0000000100155c00'

Classes redefined (0 events):
No events

Internal exceptions (20 events):
Event: 8.781 Thread 0x000001c484382010 Exception <a 'java/lang/reflect/InvocationTargetException'{0x00000000c6902390}> (0x00000000c6902390) 
thrown [s\src\hotspot\share\runtime\reflection.cpp, line 1121]
Event: 9.036 Thread 0x000001c4f4af8fd0 Exception <a 'java/lang/NoSuchMethodError'{0x00000000c698eb30}: 'java.lang.Object java.lang.invoke.DirectMethodHandle$Holder.invokeSpecial(java.lang.Object, java.lang.Object, long, java.lang.Object, java.lang.Object, java.lang.Object, java.lang.Object, java.lang.Object, java.lang.Object)'> (0x00000000c698eb30) 
thrown [s\src\hotspot\share\interpreter\linkResolver.cpp, line 759]
Event: 9.037 Thread 0x000001c4f4af8fd0 Exception <a 'java/lang/NoSuchMethodError'{0x00000000c6993658}: 'java.lang.Object java.lang.invoke.DelegatingMethodHandle$Holder.reinvoke_L(java.lang.Object, long, java.lang.Object, java.lang.Object, java.lang.Object, java.lang.Object, java.lang.Object, java.lang.Object)'> (0x00000000c6993658) 
thrown [s\src\hotspot\share\interpreter\linkResolver.cpp, line 759]
Event: 9.286 Thread 0x000001c484382010 Exception <a 'java/lang/reflect/InvocationTargetException'{0x00000000c6401b90}> (0x00000000c6401b90) 
thrown [s\src\hotspot\share\runtime\reflection.cpp, line 1121]
Event: 9.478 Thread 0x000001c4f4af8fd0 Exception <a 'java/io/FileNotFoundException'{0x00000000c634e908}> (0x00000000c634e908) 
thrown [s\src\hotspot\share\prims\jni.cpp, line 516]
Event: 9.520 Thread 0x000001c4f4af8fd0 Exception <a 'java/io/FileNotFoundException'{0x00000000c62461d0}> (0x00000000c62461d0) 
thrown [s\src\hotspot\share\prims\jni.cpp, line 516]
Event: 9.543 Thread 0x000001c4f4af8fd0 Exception <a 'java/lang/NoSuchMethodError'{0x00000000c62ddb80}: 'int java.lang.invoke.DirectMethodHandle$Holder.invokeInterface(java.lang.Object, java.lang.Object, java.lang.Object, java.lang.Object)'> (0x00000000c62ddb80) 
thrown [s\src\hotspot\share\interpreter\linkResolver.cpp, line 759]
Event: 9.652 Thread 0x000001c4f4af8fd0 Exception <a 'java/lang/NoSuchMethodError'{0x00000000c60ed2b0}: 'long java.lang.invoke.DirectMethodHandle$Holder.invokeVirtual(java.lang.Object, java.lang.Object)'> (0x00000000c60ed2b0) 
thrown [s\src\hotspot\share\interpreter\linkResolver.cpp, line 759]
Event: 9.775 Thread 0x000001c4f4af8fd0 Exception <a 'java/lang/NoSuchMethodError'{0x00000000c5ed8040}: 'void java.lang.invoke.DirectMethodHandle$Holder.invokeStaticInit(java.lang.Object)'> (0x00000000c5ed8040) 
thrown [s\src\hotspot\share\interpreter\linkResolver.cpp, line 759]
Event: 9.790 Thread 0x000001c484382010 Exception <a 'java/lang/reflect/InvocationTargetException'{0x00000000c5d9fb20}> (0x00000000c5d9fb20) 
thrown [s\src\hotspot\share\runtime\reflection.cpp, line 1121]
Event: 9.820 Thread 0x000001c4f4af8fd0 Exception <a 'java/lang/NoClassDefFoundError'{0x00000000c5c640a8}: oracle/security/pki/OraclePKIProvider> (0x00000000c5c640a8) 
thrown [s\src\hotspot\share\classfile\systemDictionary.cpp, line 245]
Event: 9.947 Thread 0x000001c4f4af8fd0 Exception <a 'sun/nio/fs/WindowsException'{0x00000000c5732228}> (0x00000000c5732228) 
thrown [s\src\hotspot\share\prims\jni.cpp, line 516]
Event: 10.406 Thread 0x000001c484382010 Exception <a 'java/lang/reflect/InvocationTargetException'{0x00000000c5181c30}> (0x00000000c5181c30) 
thrown [s\src\hotspot\share\runtime\reflection.cpp, line 1121]
Event: 10.961 Thread 0x000001c484382010 Exception <a 'java/lang/reflect/InvocationTargetException'{0x00000000c6988780}> (0x00000000c6988780) 
thrown [s\src\hotspot\share\runtime\reflection.cpp, line 1121]
Event: 11.405 Thread 0x000001c4f4af8fd0 Exception <a 'java/lang/NoSuchMethodError'{0x00000000c5e390e8}: 'int java.lang.invoke.DirectMethodHandle$Holder.invokeStatic(java.lang.Object)'> (0x00000000c5e390e8) 
thrown [s\src\hotspot\share\interpreter\linkResolver.cpp, line 759]
Event: 11.646 Thread 0x000001c4f4af8fd0 Exception <a 'java/lang/NoSuchMethodError'{0x00000000c5bf9a48}: 'int java.lang.invoke.DirectMethodHandle$Holder.invokeStaticInit(java.lang.Object, java.lang.Object, java.lang.Object, java.lang.Object)'> (0x00000000c5bf9a48) 
thrown [s\src\hotspot\share\interpreter\linkResolver.cpp, line 759]
Event: 11.654 Thread 0x000001c4f4af8fd0 Exception <a 'sun/nio/fs/WindowsException'{0x00000000c5a2d7f0}> (0x00000000c5a2d7f0) 
thrown [s\src\hotspot\share\prims\jni.cpp, line 516]
Event: 11.713 Thread 0x000001c4f4af8fd0 Exception <a 'java/lang/NoClassDefFoundError'{0x00000000c5a9a588}: oracle/dms/console/DMSConsole> (0x00000000c5a9a588) 
thrown [s\src\hotspot\share\classfile\systemDictionary.cpp, line 245]
Event: 11.713 Thread 0x000001c4f4af8fd0 Exception <a 'java/lang/reflect/InvocationTargetException'{0x00000000c5a9ab00}> (0x00000000c5a9ab00) 
thrown [s\src\hotspot\share\runtime\reflection.cpp, line 1121]
Event: 11.930 Thread 0x000001c4f4af8fd0 Exception <a 'java/lang/NoSuchMethodError'{0x00000000c5770838}: 'java.lang.Object java.lang.invoke.DirectMethodHandle$Holder.invokeVirtual(java.lang.Object, java.lang.Object, int)'> (0x00000000c5770838) 
thrown [s\src\hotspot\share\interpreter\linkResolver.cpp, line 759]

VM Operations (20 events):
Event: 9.380 Executing VM operation: HandshakeAllThreads
Event: 9.380 Executing VM operation: HandshakeAllThreads done
Event: 9.464 Executing VM operation: HandshakeAllThreads
Event: 9.464 Executing VM operation: HandshakeAllThreads done
Event: 9.578 Executing VM operation: HandshakeAllThreads
Event: 9.578 Executing VM operation: HandshakeAllThreads done
Event: 9.578 Executing VM operation: HandshakeAllThreads
Event: 9.578 Executing VM operation: HandshakeAllThreads done
Event: 9.670 Executing VM operation: HandshakeAllThreads
Event: 9.670 Executing VM operation: HandshakeAllThreads done
Event: 10.175 Executing VM operation: HandshakeAllThreads
Event: 10.176 Executing VM operation: HandshakeAllThreads done
Event: 10.176 Executing VM operation: Cleanup
Event: 10.176 Executing VM operation: Cleanup done
Event: 10.850 Executing VM operation: G1CollectForAllocation
Event: 10.858 Executing VM operation: G1CollectForAllocation done
Event: 11.697 Executing VM operation: HandshakeAllThreads
Event: 11.697 Executing VM operation: HandshakeAllThreads done
Event: 12.544 Executing VM operation: G1CollectForAllocation
Event: 12.578 Executing VM operation: G1CollectForAllocation done

Events (20 events):
Event: 12.195 Thread 0x000001c4843dbc30 Thread added: 0x000001c4843dbc30
Event: 12.197 loading class java/util/concurrent/ThreadPoolExecutor$CallerRunsPolicy
Event: 12.197 loading class java/util/concurrent/ThreadPoolExecutor$CallerRunsPolicy done
Event: 12.199 loading class java/util/concurrent/atomic/AtomicReferenceFieldUpdater
Event: 12.199 loading class java/util/concurrent/atomic/AtomicReferenceFieldUpdater done
Event: 12.199 loading class java/util/concurrent/atomic/AtomicReferenceFieldUpdater$AtomicReferenceFieldUpdaterImpl
Event: 12.199 loading class java/util/concurrent/atomic/AtomicReferenceFieldUpdater$AtomicReferenceFieldUpdaterImpl done
Event: 12.199 loading class java/util/concurrent/atomic/AtomicReferenceFieldUpdater$AtomicReferenceFieldUpdaterImpl$1
Event: 12.200 loading class java/util/concurrent/atomic/AtomicReferenceFieldUpdater$AtomicReferenceFieldUpdaterImpl$1 done
Event: 12.235 loading class java/util/regex/Pattern$Bound
Event: 12.235 loading class java/util/regex/Pattern$Bound done
Event: 12.363 Thread 0x000001c4843dd070 Thread added: 0x000001c4843dd070
Event: 12.540 loading class java/util/zip/ZipInputStream
Event: 12.565 loading class java/util/zip/ZipInputStream done
Event: 12.578 loading class java/io/StreamCorruptedException
Event: 12.578 loading class java/io/StreamCorruptedException done
Event: 12.578 loading class java/util/zip/ZipOutputStream
Event: 12.579 loading class java/util/zip/DeflaterOutputStream
Event: 12.586 loading class java/util/zip/DeflaterOutputStream done
Event: 12.586 loading class java/util/zip/ZipOutputStream done


Dynamic libraries:
0x00007ff6a02d0000 - 0x00007ff6a02de000 	D:\sts-4.20.1.RELEASE\plugins\org.eclipse.justj.openjdk.hotspot.jre.full.win32.x86_64_17.0.8.v20230831-1047\jre\bin\javaw.exe
0x00007ff9b0350000 - 0x00007ff9b0548000 	C:\WINDOWS\SYSTEM32\ntdll.dll
0x00007ff9a8970000 - 0x00007ff9a8989000 	C:\Program Files\Avast Software\Avast\aswhook.dll
0x00007ff9ae9f0000 - 0x00007ff9aeaad000 	C:\WINDOWS\System32\KERNEL32.DLL
0x00007ff9adbd0000 - 0x00007ff9adec6000 	C:\WINDOWS\System32\KERNELBASE.dll
0x00007ff9ada30000 - 0x00007ff9adb30000 	C:\WINDOWS\System32\ucrtbase.dll
0x00007ff9a8830000 - 0x00007ff9a8847000 	D:\sts-4.20.1.RELEASE\plugins\org.eclipse.justj.openjdk.hotspot.jre.full.win32.x86_64_17.0.8.v20230831-1047\jre\bin\jli.dll
0x00007ff9aebd0000 - 0x00007ff9aed6e000 	C:\WINDOWS\System32\USER32.dll
0x00007ff9adba0000 - 0x00007ff9adbc2000 	C:\WINDOWS\System32\win32u.dll
0x00007ff9b00d0000 - 0x00007ff9b00fc000 	C:\WINDOWS\System32\GDI32.dll
0x00007ff9ae240000 - 0x00007ff9ae35a000 	C:\WINDOWS\System32\gdi32full.dll
0x00007ff9ae010000 - 0x00007ff9ae0ad000 	C:\WINDOWS\System32\msvcp_win.dll
0x00007ff9a8370000 - 0x00007ff9a8389000 	D:\sts-4.20.1.RELEASE\plugins\org.eclipse.justj.openjdk.hotspot.jre.full.win32.x86_64_17.0.8.v20230831-1047\jre\bin\VCRUNTIME140.dll
0x00007ff990c40000 - 0x00007ff990eda000 	C:\WINDOWS\WinSxS\amd64_microsoft.windows.common-controls_6595b64144ccf1df_6.0.19041.3636_none_60b6a03d71f818d5\COMCTL32.dll
0x00007ff9aeab0000 - 0x00007ff9aeb4e000 	C:\WINDOWS\System32\msvcrt.dll
0x00007ff9af120000 - 0x00007ff9af150000 	C:\WINDOWS\System32\IMM32.DLL
0x00007ff9a8360000 - 0x00007ff9a836c000 	D:\sts-4.20.1.RELEASE\plugins\org.eclipse.justj.openjdk.hotspot.jre.full.win32.x86_64_17.0.8.v20230831-1047\jre\bin\vcruntime140_1.dll
0x00007ff9a7270000 - 0x00007ff9a7301000 	D:\sts-4.20.1.RELEASE\plugins\org.eclipse.justj.openjdk.hotspot.jre.full.win32.x86_64_17.0.8.v20230831-1047\jre\bin\msvcp140.dll
0x00007ff978510000 - 0x00007ff97915c000 	D:\sts-4.20.1.RELEASE\plugins\org.eclipse.justj.openjdk.hotspot.jre.full.win32.x86_64_17.0.8.v20230831-1047\jre\bin\server\jvm.dll
0x00007ff9aed70000 - 0x00007ff9aee1f000 	C:\WINDOWS\System32\ADVAPI32.dll
0x00007ff9aefd0000 - 0x00007ff9af06c000 	C:\WINDOWS\System32\sechost.dll
0x00007ff9afc30000 - 0x00007ff9afd56000 	C:\WINDOWS\System32\RPCRT4.dll
0x00007ff9ad910000 - 0x00007ff9ad95b000 	C:\WINDOWS\SYSTEM32\POWRPROF.dll
0x00007ff9a2850000 - 0x00007ff9a2859000 	C:\WINDOWS\SYSTEM32\WSOCK32.dll
0x00007ff9aeb60000 - 0x00007ff9aebcb000 	C:\WINDOWS\System32\WS2_32.dll
0x00007ff9a6890000 - 0x00007ff9a689a000 	C:\WINDOWS\SYSTEM32\VERSION.dll
0x00007ff995d00000 - 0x00007ff995d27000 	C:\WINDOWS\SYSTEM32\WINMM.dll
0x00007ff9ad870000 - 0x00007ff9ad882000 	C:\WINDOWS\SYSTEM32\UMPDC.dll
0x00007ff9ab8f0000 - 0x00007ff9ab902000 	C:\WINDOWS\SYSTEM32\kernel.appcore.dll
0x00007ff9a8aa0000 - 0x00007ff9a8aaa000 	D:\sts-4.20.1.RELEASE\plugins\org.eclipse.justj.openjdk.hotspot.jre.full.win32.x86_64_17.0.8.v20230831-1047\jre\bin\jimage.dll
0x00007ff9a5cf0000 - 0x00007ff9a5ed4000 	C:\WINDOWS\SYSTEM32\DBGHELP.DLL
0x00007ff9a5b00000 - 0x00007ff9a5b34000 	C:\WINDOWS\SYSTEM32\dbgcore.DLL
0x00007ff9adf80000 - 0x00007ff9ae002000 	C:\WINDOWS\System32\bcryptPrimitives.dll
0x00007ff9a7f10000 - 0x00007ff9a7f35000 	D:\sts-4.20.1.RELEASE\plugins\org.eclipse.justj.openjdk.hotspot.jre.full.win32.x86_64_17.0.8.v20230831-1047\jre\bin\java.dll
0x00007ff9a7ef0000 - 0x00007ff9a7f08000 	D:\sts-4.20.1.RELEASE\plugins\org.eclipse.justj.openjdk.hotspot.jre.full.win32.x86_64_17.0.8.v20230831-1047\jre\bin\zip.dll
0x00007ff9af270000 - 0x00007ff9af9b5000 	C:\WINDOWS\System32\SHELL32.dll
0x00007ff9abaf0000 - 0x00007ff9ac28b000 	C:\WINDOWS\SYSTEM32\windows.storage.dll
0x00007ff9afd70000 - 0x00007ff9b00c4000 	C:\WINDOWS\System32\combase.dll
0x00007ff9ad3a0000 - 0x00007ff9ad3cd000 	C:\WINDOWS\SYSTEM32\Wldp.dll
0x00007ff9afab0000 - 0x00007ff9afb5d000 	C:\WINDOWS\System32\SHCORE.dll
0x00007ff9afa50000 - 0x00007ff9afaa5000 	C:\WINDOWS\System32\shlwapi.dll
0x00007ff9ad960000 - 0x00007ff9ad985000 	C:\WINDOWS\SYSTEM32\profapi.dll
0x00007ff9a7ed0000 - 0x00007ff9a7ee9000 	D:\sts-4.20.1.RELEASE\plugins\org.eclipse.justj.openjdk.hotspot.jre.full.win32.x86_64_17.0.8.v20230831-1047\jre\bin\net.dll
0x00007ff9a5070000 - 0x00007ff9a517a000 	C:\WINDOWS\SYSTEM32\WINHTTP.dll
0x00007ff9ad100000 - 0x00007ff9ad16a000 	C:\WINDOWS\system32\mswsock.dll
0x00007ff9a7b70000 - 0x00007ff9a7b85000 	D:\sts-4.20.1.RELEASE\plugins\org.eclipse.justj.openjdk.hotspot.jre.full.win32.x86_64_17.0.8.v20230831-1047\jre\bin\nio.dll
0x00007ff9a8350000 - 0x00007ff9a8359000 	D:\sts-4.20.1.RELEASE\plugins\org.eclipse.justj.openjdk.hotspot.jre.full.win32.x86_64_17.0.8.v20230831-1047\jre\bin\management.dll
0x00007ff9a8300000 - 0x00007ff9a830b000 	D:\sts-4.20.1.RELEASE\plugins\org.eclipse.justj.openjdk.hotspot.jre.full.win32.x86_64_17.0.8.v20230831-1047\jre\bin\management_ext.dll
0x00007ff9aeb50000 - 0x00007ff9aeb58000 	C:\WINDOWS\System32\PSAPI.DLL
0x00007ff9951e0000 - 0x00007ff9951f7000 	C:\WINDOWS\system32\napinsp.dll
0x00007ff9951c0000 - 0x00007ff9951db000 	C:\WINDOWS\system32\pnrpnsp.dll
0x00007ff9a8810000 - 0x00007ff9a8825000 	C:\WINDOWS\system32\wshbth.dll
0x00007ff9a7d60000 - 0x00007ff9a7d7d000 	C:\WINDOWS\system32\NLAapi.dll
0x00007ff9acdf0000 - 0x00007ff9ace2b000 	C:\WINDOWS\SYSTEM32\IPHLPAPI.DLL
0x00007ff9ace30000 - 0x00007ff9acefa000 	C:\WINDOWS\SYSTEM32\DNSAPI.dll
0x00007ff9afd60000 - 0x00007ff9afd68000 	C:\WINDOWS\System32\NSI.dll
0x00007ff9951a0000 - 0x00007ff9951b2000 	C:\WINDOWS\System32\winrnr.dll
0x00007ff9a3840000 - 0x00007ff9a384a000 	C:\Windows\System32\rasadhlp.dll
0x00007ff9a3860000 - 0x00007ff9a38e0000 	C:\WINDOWS\System32\fwpuclnt.dll
0x00007ff9ae210000 - 0x00007ff9ae237000 	C:\WINDOWS\System32\bcrypt.dll
0x00007ff9ad2f0000 - 0x00007ff9ad308000 	C:\WINDOWS\SYSTEM32\CRYPTSP.dll
0x00007ff9aca30000 - 0x00007ff9aca64000 	C:\WINDOWS\system32\rsaenh.dll
0x00007ff9ad890000 - 0x00007ff9ad8be000 	C:\WINDOWS\SYSTEM32\USERENV.dll
0x00007ff9ad310000 - 0x00007ff9ad31c000 	C:\WINDOWS\SYSTEM32\CRYPTBASE.dll
0x00007ff9a5cb0000 - 0x00007ff9a5cc7000 	C:\WINDOWS\SYSTEM32\dhcpcsvc6.DLL
0x00007ff9a6780000 - 0x00007ff9a679d000 	C:\WINDOWS\SYSTEM32\dhcpcsvc.DLL
0x00007ff9a8020000 - 0x00007ff9a802e000 	D:\sts-4.20.1.RELEASE\plugins\org.eclipse.justj.openjdk.hotspot.jre.full.win32.x86_64_17.0.8.v20230831-1047\jre\bin\sunmscapi.dll
0x00007ff9ae0b0000 - 0x00007ff9ae20d000 	C:\WINDOWS\System32\CRYPT32.dll
0x00007ff9ad410000 - 0x00007ff9ad437000 	C:\WINDOWS\SYSTEM32\ncrypt.dll
0x00007ff9ad3d0000 - 0x00007ff9ad40b000 	C:\WINDOWS\SYSTEM32\NTASN1.dll
0x00007ff9a8a90000 - 0x00007ff9a8aa0000 	D:\sts-4.20.1.RELEASE\plugins\org.eclipse.justj.openjdk.hotspot.jre.full.win32.x86_64_17.0.8.v20230831-1047\jre\bin\verify.dll

dbghelp: loaded successfully - version: 4.0.5 - missing functions: none
symbol engine: initialized successfully - sym options: 0x614 - pdb path: .;D:\sts-4.20.1.RELEASE\plugins\org.eclipse.justj.openjdk.hotspot.jre.full.win32.x86_64_17.0.8.v20230831-1047\jre\bin;C:\WINDOWS\SYSTEM32;C:\Program Files\Avast Software\Avast;C:\WINDOWS\WinSxS\amd64_microsoft.windows.common-controls_6595b64144ccf1df_6.0.19041.3636_none_60b6a03d71f818d5;D:\sts-4.20.1.RELEASE\plugins\org.eclipse.justj.openjdk.hotspot.jre.full.win32.x86_64_17.0.8.v20230831-1047\jre\bin\server

VM Arguments:
jvm_args: -Dcom.sun.management.jmxremote -Dcom.sun.management.jmxremote.port=57500 -Dcom.sun.management.jmxremote.authenticate=false -Dcom.sun.management.jmxremote.ssl=false -Djava.rmi.server.hostname=localhost -Dspring.jmx.enabled=true -Dmanagement.endpoints.jmx.exposure.include=* -Dspring.application.admin.enabled=true -XX:TieredStopAtLevel=1 -Dspring.boot.project.name=QuizApp -Dfile.encoding=UTF-8 -Dstdout.encoding=UTF-8 -Dstderr.encoding=UTF-8 -XX:+ShowCodeDetailsInExceptionMessages 
java_command: com.quiz.QuizAppApplication --spring.output.ansi.enabled=always
java_class_path (initial): C:\Users\ACER\Documents\spring boot\QuizApp\target\classes;C:\Users\ACER\.m2\repository\org\springframework\boot\spring-boot-starter-data-jpa\3.1.5\spring-boot-starter-data-jpa-3.1.5.jar;C:\Users\ACER\.m2\repository\org\springframework\boot\spring-boot-starter-aop\3.1.5\spring-boot-starter-aop-3.1.5.jar;C:\Users\ACER\.m2\repository\org\springframework\spring-aop\6.0.13\spring-aop-6.0.13.jar;C:\Users\ACER\.m2\repository\org\aspectj\aspectjweaver\1.9.20\aspectjweaver-1.9.20.jar;C:\Users\ACER\.m2\repository\org\springframework\boot\spring-boot-starter-jdbc\3.1.5\spring-boot-starter-jdbc-3.1.5.jar;C:\Users\ACER\.m2\repository\com\zaxxer\HikariCP\5.0.1\HikariCP-5.0.1.jar;C:\Users\ACER\.m2\repository\org\springframework\spring-jdbc\6.0.13\spring-jdbc-6.0.13.jar;C:\Users\ACER\.m2\repository\org\hibernate\orm\hibernate-core\6.2.13.Final\hibernate-core-6.2.13.Final.jar;C:\Users\ACER\.m2\repository\jakarta\persistence\jakarta.persistence-api\3.1.0\jakarta.persistence-api-3.1.0.jar;C:\Users\ACER\.m2\repository\jakarta\transaction\jakarta.transaction-api\2.0.1\jakarta.transaction-api-2.0.1.jar;C:\Users\ACER\.m2\repository\org\jboss\logging\jboss-logging\3.5.3.Final\jboss-logging-3.5.3.Final.jar;C:\Users\ACER\.m2\repository\org\hibernate\common\hibernate-commons-annotations\6.0.6.Final\hibernate-commons-annotations-6.0.6.Final.jar;C:\Users\ACER\.m2\repository\io\smallrye\jandex\3.0.5\jandex-3.0.5.jar;C:\Users\ACER\.m2\repository\com\fasterxml\classmate\1.5.1\classmate-1.5.1.jar;C:\Users\ACER\.m2\repository\net\bytebuddy\byte-buddy\1.14.9\byte-buddy-1.14.9.jar;C:\Users\ACER\.m2\repository\org\glassfish\jaxb\jaxb-runtime\4.0.3\jaxb-runtime-4.0.3.jar;C:\Users\ACER\.m2\repository\org\glassfish\jaxb\jaxb-core\4.0.3\jaxb-core-4.0.3.jar;C:\Users\ACER\.m2\repository\org\eclipse\angus\angus-activation\2.0.1\angus-activation-2.0.1.jar;C:\Users\ACER\.m2\repository\org\glassfish\jaxb\txw2\4.0.3\txw2-4.0.3.jar;C:\Users\ACER\.m2\repository\com\sun\istack\istack-co
Launcher Type: SUN_STANDARD

[Global flags]
     intx CICompilerCount                          = 2                                         {product} {ergonomic}
     uint ConcGCThreads                            = 1                                         {product} {ergonomic}
     uint G1ConcRefinementThreads                  = 2                                         {product} {ergonomic}
   size_t G1HeapRegionSize                         = 1048576                                   {product} {ergonomic}
    uintx GCDrainStackTargetSize                   = 64                                        {product} {ergonomic}
   size_t InitialHeapSize                          = 65011712                                  {product} {ergonomic}
     bool ManagementServer                         = true                                      {product} {command line}
   size_t MarkStackSize                            = 4194304                                   {product} {ergonomic}
   size_t MaxHeapSize                              = 1027604480                                {product} {ergonomic}
   size_t MaxNewSize                               = 616562688                                 {product} {ergonomic}
   size_t MinHeapDeltaBytes                        = 1048576                                   {product} {ergonomic}
   size_t MinHeapSize                              = 8388608                                   {product} {ergonomic}
    uintx NonProfiledCodeHeapSize                  = 0                                      {pd product} {ergonomic}
     bool ProfileInterpreter                       = false                                  {pd product} {command line}
    uintx ProfiledCodeHeapSize                     = 0                                      {pd product} {ergonomic}
     bool ShowCodeDetailsInExceptionMessages       = true                                   {manageable} {command line}
   size_t SoftMaxHeapSize                          = 1027604480                             {manageable} {ergonomic}
     intx TieredStopAtLevel                        = 1                                         {product} {command line}
     bool UseCompressedClassPointers               = true                           {product lp64_product} {ergonomic}
     bool UseCompressedOops                        = true                           {product lp64_product} {ergonomic}
     bool UseG1GC                                  = true                                      {product} {ergonomic}
     bool UseLargePagesIndividualAllocation        = false                                  {pd product} {ergonomic}

Logging:
Log output configuration:
 #0: stdout all=warning uptime,level,tags
 #1: stderr all=off uptime,level,tags

Environment Variables:
PATH=D:/sts-4.20.1.RELEASE//plugins/org.eclipse.justj.openjdk.hotspot.jre.full.win32.x86_64_17.0.8.v20230831-1047/jre/bin/server;D:/sts-4.20.1.RELEASE//plugins/org.eclipse.justj.openjdk.hotspot.jre.full.win32.x86_64_17.0.8.v20230831-1047/jre/bin;C:\oraclexe\app\oracle\product\11.2.0\server\bin;C:\Program Files\nodejs\;C:\Users\ACER\AppData\Roaming\npm;C:\Users\ACER\AppData\Local\Programs\Microsoft VS Code\bin;D:\sts-4.20.1.RELEASE;
USERNAME=ACER
OS=Windows_NT
PROCESSOR_IDENTIFIER=Intel64 Family 6 Model 42 Stepping 7, GenuineIntel
TMP=C:\Users\ACER\AppData\Local\Temp
TEMP=C:\Users\ACER\AppData\Local\Temp



---------------  S Y S T E M  ---------------

OS:
 Windows 10 , 64 bit Build 19041 (10.0.19041.3636)
OS uptime: 0 days 1:41 hours

CPU: total 2 (initial active 2) (2 cores per cpu, 1 threads per core) family 6 model 42 stepping 7 microcode 0x2f, cx8, cmov, fxsr, mmx, sse, sse2, sse3, ssse3, sse4.1, sse4.2, popcnt, tsc, tscinvbit, clmul, clflush
Processor Information for all 2 processors :
  Max Mhz: 2200, Current Mhz: 2200, Mhz Limit: 2200

Memory: 4k page, system-wide physical 3912M (232M free)
TotalPageFile size 15688M (AvailPageFile size 38M)
current process WorkingSet (physical memory assigned to process): 171M, peak: 171M
current process commit charge ("private bytes"): 191M, peak: 191M

vm_info: OpenJDK 64-Bit Server VM (17.0.8.1+1) for windows-amd64 JRE (17.0.8.1+1), built on Aug 23 2023 15:29:17 by "admin" with MS VC++ 16.7 (VS2019)

END.
